<?xml version="1.0" encoding="UTF-8"?>
<!-- Generated by org.testng.reporters.JUnitReportReporter -->
<testsuite skipped="0" hostname="LAPTOP-5E93OMAE" name="com.Test_GET" tests="2" failures="0" timestamp="30 Sep 2020 17:17:44 GMT" time="5.049" errors="0">
  <testcase name="getTest" time="3.445" classname="com.Test_GET"/>
  <testcase name="getTestStaticImport" time="1.604" classname="com.Test_GET"/>
</testsuite> <!-- com.Test_GET -->
